app/build/intermediates/manifest_merge_blame_file/debug/manifest-merger-blame-debug-report.txt
1<?xml version="1.0" encoding="utf-8"?>
2<manifest xmlns:android="http://schemas.android.com/apk/res/android"
3    package="com.gaming.enhancedagar"
4    android:versionCode="1"
5    android:versionName="1.0" >
6
7    <uses-sdk
8        android:minSdkVersion="21"
9        android:targetSdkVersion="34" />
10
11    <!-- Permisos de red para funcionalidad online -->
12    <uses-permission android:name="android.permission.INTERNET" />
12-->src/main/AndroidManifest.xml:7:5-67
12-->src/main/AndroidManifest.xml:7:22-64
13    <uses-permission android:name="android.permission.ACCESS_NETWORK_STATE" />
13-->src/main/AndroidManifest.xml:8:5-79
13-->src/main/AndroidManifest.xml:8:22-76
14    <uses-permission android:name="android.permission.ACCESS_WIFI_STATE" />
14-->src/main/AndroidManifest.xml:9:5-76
14-->src/main/AndroidManifest.xml:9:22-73
15
16    <!-- Permisos de almacenamiento -->
17    <uses-permission
17-->src/main/AndroidManifest.xml:12:5-13:38
18        android:name="android.permission.WRITE_EXTERNAL_STORAGE"
18-->src/main/AndroidManifest.xml:12:22-78
19        android:maxSdkVersion="28" />
19-->src/main/AndroidManifest.xml:13:9-35
20    <uses-permission
20-->src/main/AndroidManifest.xml:14:5-15:38
21        android:name="android.permission.READ_EXTERNAL_STORAGE"
21-->src/main/AndroidManifest.xml:14:22-77
22        android:maxSdkVersion="32" />
22-->src/main/AndroidManifest.xml:15:9-35
23    <uses-permission android:name="android.permission.MANAGE_EXTERNAL_STORAGE" />
23-->src/main/AndroidManifest.xml:16:5-17:40
23-->src/main/AndroidManifest.xml:16:22-79
24
25    <!-- Permisos de audio -->
26    <uses-permission android:name="android.permission.RECORD_AUDIO" />
26-->src/main/AndroidManifest.xml:20:5-71
26-->src/main/AndroidManifest.xml:20:22-68
27    <uses-permission android:name="android.permission.MODIFY_AUDIO_SETTINGS" />
27-->src/main/AndroidManifest.xml:21:5-80
27-->src/main/AndroidManifest.xml:21:22-77
28
29    <!-- Permisos de vibración -->
30    <uses-permission android:name="android.permission.VIBRATE" />
30-->src/main/AndroidManifest.xml:24:5-66
30-->src/main/AndroidManifest.xml:24:22-63
31
32    <!-- Permisos de ubicación (opcional para features geográficas) -->
33    <uses-permission android:name="android.permission.ACCESS_FINE_LOCATION" />
33-->src/main/AndroidManifest.xml:27:5-79
33-->src/main/AndroidManifest.xml:27:22-76
34    <uses-permission android:name="android.permission.ACCESS_COARSE_LOCATION" />
34-->src/main/AndroidManifest.xml:28:5-81
34-->src/main/AndroidManifest.xml:28:22-78
35
36    <!-- Permisos para mantener la pantalla encendida durante gameplay -->
37    <uses-permission android:name="android.permission.WAKE_LOCK" />
37-->src/main/AndroidManifest.xml:31:5-68
37-->src/main/AndroidManifest.xml:31:22-65
38
39    <!-- Permisos para ejecutar en segundo plano -->
40    <uses-permission android:name="android.permission.FOREGROUND_SERVICE" />
40-->src/main/AndroidManifest.xml:34:5-77
40-->src/main/AndroidManifest.xml:34:22-74
41
42    <!-- Configuración de hardware -->
43    <uses-feature
43-->src/main/AndroidManifest.xml:37:5-39:35
44        android:name="android.hardware.touchscreen"
44-->src/main/AndroidManifest.xml:38:9-52
45        android:required="true" />
45-->src/main/AndroidManifest.xml:39:9-32
46    <uses-feature
46-->src/main/AndroidManifest.xml:40:5-42:36
47        android:name="android.hardware.touchscreen.multitouch"
47-->src/main/AndroidManifest.xml:41:9-63
48        android:required="false" />
48-->src/main/AndroidManifest.xml:42:9-33
49    <uses-feature
49-->src/main/AndroidManifest.xml:43:5-45:36
50        android:name="android.hardware.accelerometer"
50-->src/main/AndroidManifest.xml:44:9-54
51        android:required="false" />
51-->src/main/AndroidManifest.xml:45:9-33
52    <uses-feature
52-->src/main/AndroidManifest.xml:46:5-48:36
53        android:name="android.hardware.gyroscope"
53-->src/main/AndroidManifest.xml:47:9-50
54        android:required="false" />
54-->src/main/AndroidManifest.xml:48:9-33
55
56    <!-- Configuración de orientación específica para tablets -->
57    <supports-screens
57-->src/main/AndroidManifest.xml:103:5-108:37
58        android:anyDensity="true"
58-->src/main/AndroidManifest.xml:108:9-34
59        android:largeScreens="true"
59-->src/main/AndroidManifest.xml:106:9-36
60        android:normalScreens="true"
60-->src/main/AndroidManifest.xml:105:9-37
61        android:smallScreens="true"
61-->src/main/AndroidManifest.xml:104:9-36
62        android:xlargeScreens="true" />
62-->src/main/AndroidManifest.xml:107:9-37
63
64    <!-- Configuración de características del dispositivo -->
65    <uses-feature
65-->src/main/AndroidManifest.xml:111:5-113:36
66        android:name="android.hardware.screen.landscape"
66-->src/main/AndroidManifest.xml:112:9-57
67        android:required="false" />
67-->src/main/AndroidManifest.xml:113:9-33
68    <uses-feature
68-->src/main/AndroidManifest.xml:115:5-117:36
69        android:name="android.hardware.screen.portrait"
69-->src/main/AndroidManifest.xml:116:9-56
70        android:required="false" />
70-->src/main/AndroidManifest.xml:117:9-33
71
72    <permission
72-->[androidx.core:core:1.12.0] AndroidManifest.xml:22:5-24:47
73        android:name="com.gaming.enhancedagar.DYNAMIC_RECEIVER_NOT_EXPORTED_PERMISSION"
73-->[androidx.core:core:1.12.0] AndroidManifest.xml:23:9-81
74        android:protectionLevel="signature" />
74-->[androidx.core:core:1.12.0] AndroidManifest.xml:24:9-44
75
76    <uses-permission android:name="com.gaming.enhancedagar.DYNAMIC_RECEIVER_NOT_EXPORTED_PERMISSION" />
76-->[androidx.core:core:1.12.0] AndroidManifest.xml:26:5-97
76-->[androidx.core:core:1.12.0] AndroidManifest.xml:26:22-94
77
78    <application
78-->src/main/AndroidManifest.xml:50:5-100:19
79        android:allowBackup="true"
79-->src/main/AndroidManifest.xml:51:9-35
80        android:appComponentFactory="androidx.core.app.CoreComponentFactory"
80-->[androidx.core:core:1.12.0] AndroidManifest.xml:28:18-86
81        android:debuggable="true"
82        android:extractNativeLibs="true"
83        android:hardwareAccelerated="true"
83-->src/main/AndroidManifest.xml:55:9-43
84        android:icon="@mipmap/ic_launcher"
84-->src/main/AndroidManifest.xml:52:9-43
85        android:label="@string/app_name"
85-->src/main/AndroidManifest.xml:53:9-41
86        android:largeHeap="true"
86-->src/main/AndroidManifest.xml:56:9-33
87        android:preserveLegacyExternalStorage="true"
87-->src/main/AndroidManifest.xml:58:9-53
88        android:requestLegacyExternalStorage="true"
88-->src/main/AndroidManifest.xml:57:9-52
89        android:theme="@style/Theme.EnhancedAgarGame" >
89-->src/main/AndroidManifest.xml:54:9-54
90
91        <!-- Activity del menú principal (Launcher) -->
92        <activity
92-->src/main/AndroidManifest.xml:62:9-72:20
93            android:name="com.gaming.enhancedagar.ui.MainMenuActivity"
93-->src/main/AndroidManifest.xml:63:13-48
94            android:configChanges="orientation|screenSize|screenLayout|keyboardHidden|navigation|uiMode"
94-->src/main/AndroidManifest.xml:67:13-105
95            android:exported="true"
95-->src/main/AndroidManifest.xml:64:13-36
96            android:screenOrientation="portrait"
96-->src/main/AndroidManifest.xml:66:13-49
97            android:theme="@style/Theme.EnhancedAgarGame" >
97-->src/main/AndroidManifest.xml:65:13-58
98            <intent-filter>
98-->src/main/AndroidManifest.xml:68:13-71:29
99                <action android:name="android.intent.action.MAIN" />
99-->src/main/AndroidManifest.xml:69:17-69
99-->src/main/AndroidManifest.xml:69:25-66
100
101                <category android:name="android.intent.category.LAUNCHER" />
101-->src/main/AndroidManifest.xml:70:17-77
101-->src/main/AndroidManifest.xml:70:27-74
102            </intent-filter>
103        </activity>
104
105        <!-- Activity principal del juego -->
106        <activity
106-->src/main/AndroidManifest.xml:75:9-80:108
107            android:name="com.gaming.enhancedagar.MainActivity"
107-->src/main/AndroidManifest.xml:76:13-41
108            android:configChanges="orientation|screenSize|screenLayout|keyboardHidden|navigation|uiMode"
108-->src/main/AndroidManifest.xml:80:13-105
109            android:exported="false"
109-->src/main/AndroidManifest.xml:77:13-37
110            android:screenOrientation="portrait"
110-->src/main/AndroidManifest.xml:79:13-49
111            android:theme="@style/Theme.EnhancedAgarGame" />
111-->src/main/AndroidManifest.xml:78:13-58
112
113        <!-- Activity de game over -->
114        <activity
114-->src/main/AndroidManifest.xml:83:9-88:65
115            android:name="com.gaming.enhancedagar.ui.GameOverActivity"
115-->src/main/AndroidManifest.xml:84:13-48
116            android:exported="false"
116-->src/main/AndroidManifest.xml:85:13-37
117            android:parentActivityName="com.gaming.enhancedagar.ui.MainMenuActivity"
117-->src/main/AndroidManifest.xml:88:13-62
118            android:screenOrientation="portrait"
118-->src/main/AndroidManifest.xml:87:13-49
119            android:theme="@style/Theme.EnhancedAgarGame" />
119-->src/main/AndroidManifest.xml:86:13-58
120
121        <!-- Activity de configuración -->
122        <activity
122-->src/main/AndroidManifest.xml:91:9-96:65
123            android:name="com.gaming.enhancedagar.ui.SettingsActivity"
123-->src/main/AndroidManifest.xml:92:13-48
124            android:exported="false"
124-->src/main/AndroidManifest.xml:93:13-37
125            android:parentActivityName="com.gaming.enhancedagar.ui.MainMenuActivity"
125-->src/main/AndroidManifest.xml:96:13-62
126            android:screenOrientation="portrait"
126-->src/main/AndroidManifest.xml:95:13-49
127            android:theme="@style/Theme.EnhancedAgarGame" />
127-->src/main/AndroidManifest.xml:94:13-58
128
129        <provider
129-->[androidx.emoji2:emoji2:1.2.0] AndroidManifest.xml:24:9-32:20
130            android:name="androidx.startup.InitializationProvider"
130-->[androidx.emoji2:emoji2:1.2.0] AndroidManifest.xml:25:13-67
131            android:authorities="com.gaming.enhancedagar.androidx-startup"
131-->[androidx.emoji2:emoji2:1.2.0] AndroidManifest.xml:26:13-68
132            android:exported="false" >
132-->[androidx.emoji2:emoji2:1.2.0] AndroidManifest.xml:27:13-37
133            <meta-data
133-->[androidx.emoji2:emoji2:1.2.0] AndroidManifest.xml:29:13-31:52
134                android:name="androidx.emoji2.text.EmojiCompatInitializer"
134-->[androidx.emoji2:emoji2:1.2.0] AndroidManifest.xml:30:17-75
135                android:value="androidx.startup" />
135-->[androidx.emoji2:emoji2:1.2.0] AndroidManifest.xml:31:17-49
136            <meta-data
136-->[androidx.lifecycle:lifecycle-process:2.7.0] AndroidManifest.xml:29:13-31:52
137                android:name="androidx.lifecycle.ProcessLifecycleInitializer"
137-->[androidx.lifecycle:lifecycle-process:2.7.0] AndroidManifest.xml:30:17-78
138                android:value="androidx.startup" />
138-->[androidx.lifecycle:lifecycle-process:2.7.0] AndroidManifest.xml:31:17-49
139            <meta-data
139-->[androidx.profileinstaller:profileinstaller:1.3.0] AndroidManifest.xml:29:13-31:52
140                android:name="androidx.profileinstaller.ProfileInstallerInitializer"
140-->[androidx.profileinstaller:profileinstaller:1.3.0] AndroidManifest.xml:30:17-85
141                android:value="androidx.startup" />
141-->[androidx.profileinstaller:profileinstaller:1.3.0] AndroidManifest.xml:31:17-49
142        </provider>
143
144        <receiver
144-->[androidx.profileinstaller:profileinstaller:1.3.0] AndroidManifest.xml:34:9-52:20
145            android:name="androidx.profileinstaller.ProfileInstallReceiver"
145-->[androidx.profileinstaller:profileinstaller:1.3.0] AndroidManifest.xml:35:13-76
146            android:directBootAware="false"
146-->[androidx.profileinstaller:profileinstaller:1.3.0] AndroidManifest.xml:36:13-44
147            android:enabled="true"
147-->[androidx.profileinstaller:profileinstaller:1.3.0] AndroidManifest.xml:37:13-35
148            android:exported="true"
148-->[androidx.profileinstaller:profileinstaller:1.3.0] AndroidManifest.xml:38:13-36
149            android:permission="android.permission.DUMP" >
149-->[androidx.profileinstaller:profileinstaller:1.3.0] AndroidManifest.xml:39:13-57
150            <intent-filter>
150-->[androidx.profileinstaller:profileinstaller:1.3.0] AndroidManifest.xml:40:13-42:29
151                <action android:name="androidx.profileinstaller.action.INSTALL_PROFILE" />
151-->[androidx.profileinstaller:profileinstaller:1.3.0] AndroidManifest.xml:41:17-91
151-->[androidx.profileinstaller:profileinstaller:1.3.0] AndroidManifest.xml:41:25-88
152            </intent-filter>
153            <intent-filter>
153-->[androidx.profileinstaller:profileinstaller:1.3.0] AndroidManifest.xml:43:13-45:29
154                <action android:name="androidx.profileinstaller.action.SKIP_FILE" />
154-->[androidx.profileinstaller:profileinstaller:1.3.0] AndroidManifest.xml:44:17-85
154-->[androidx.profileinstaller:profileinstaller:1.3.0] AndroidManifest.xml:44:25-82
155            </intent-filter>
156            <intent-filter>
156-->[androidx.profileinstaller:profileinstaller:1.3.0] AndroidManifest.xml:46:13-48:29
157                <action android:name="androidx.profileinstaller.action.SAVE_PROFILE" />
157-->[androidx.profileinstaller:profileinstaller:1.3.0] AndroidManifest.xml:47:17-88
157-->[androidx.profileinstaller:profileinstaller:1.3.0] AndroidManifest.xml:47:25-85
158            </intent-filter>
159            <intent-filter>
159-->[androidx.profileinstaller:profileinstaller:1.3.0] AndroidManifest.xml:49:13-51:29
160                <action android:name="androidx.profileinstaller.action.BENCHMARK_OPERATION" />
160-->[androidx.profileinstaller:profileinstaller:1.3.0] AndroidManifest.xml:50:17-95
160-->[androidx.profileinstaller:profileinstaller:1.3.0] AndroidManifest.xml:50:25-92
161            </intent-filter>
162        </receiver>
163    </application>
164
165</manifest>